<?xml version="1.0" encoding="UTF-8"?>
<!-- Generated by org.testng.reporters.JUnitReportReporter -->
<testsuite hostname="mohit-H110M-H" failures="0" tests="2" name="com.crm.qa.tests.LoginPageTest" time="22.908" errors="0" timestamp="2021-07-16T20:32:32 IST" skipped="0">
  <testcase classname="com.crm.qa.tests.LoginPageTest" name="login_Page_Title_Test" time="8.882"/>
  <system-out/>
  <testcase classname="com.crm.qa.tests.LoginPageTest" name="login_Test" time="14.026"/>
  <system-out/>
</testsuite> <!-- com.crm.qa.tests.LoginPageTest -->
