<?xml version="1.0" encoding="UTF-8"?>
<!-- Generated by org.testng.reporters.JUnitReportReporter -->
<testsuite hostname="mohit-H110M-H" failures="0" tests="1" name="com.crm.qa.tests.CreateNewContactsPageTest" time="0.000" errors="0" timestamp="2021-07-19T20:26:35 IST" skipped="1">
  <testcase classname="com.crm.qa.tests.CreateNewContactsPageTest" name="validateCreateNewContact" time="0.000">
    <skipped/>
  </testcase> <!-- validateCreateNewContact -->
  <system-out/>
</testsuite> <!-- com.crm.qa.tests.CreateNewContactsPageTest -->
