<?xml version="1.0" encoding="UTF-8"?>
<!-- Generated by org.testng.reporters.JUnitReportReporter -->
<testsuite hostname="mohit-H110M-H" failures="0" tests="3" name="com.crm.qa.tests.MainPageTest" time="20.525" errors="0" timestamp="2021-06-15T18:02:48 IST" skipped="0">
  <testcase classname="com.crm.qa.tests.MainPageTest" name="crm_Logo_Test" time="7.150"/>
  <system-out/>
  <testcase classname="com.crm.qa.tests.MainPageTest" name="Main_Page_Title_Test" time="5.854"/>
  <system-out/>
  <testcase classname="com.crm.qa.tests.MainPageTest" name="main_Page_Login_Btn_Click_Test" time="7.521"/>
  <system-out/>
</testsuite> <!-- com.crm.qa.tests.MainPageTest -->
