<?xml version="1.0" encoding="UTF-8"?>
<!-- Generated by org.testng.reporters.JUnitReportReporter -->
<testsuite hostname="mohit-H110M-H" failures="0" tests="4" name="com.crm.qa.tests.HomePageTest" time="48.983" errors="0" timestamp="2021-06-15T18:02:49 IST" skipped="0">
  <testcase classname="com.crm.qa.tests.HomePageTest" name="home_Page_Title_Test" time="14.621"/>
  <system-out/>
  <testcase classname="com.crm.qa.tests.HomePageTest" name="user_Name_Test" time="10.168"/>
  <system-out/>
  <testcase classname="com.crm.qa.tests.HomePageTest" name="home_Page_Logo_Test" time="12.859"/>
  <system-out/>
  <testcase classname="com.crm.qa.tests.HomePageTest" name="click_On_Create_Contact_Test" time="11.335"/>
  <system-out/>
</testsuite> <!-- com.crm.qa.tests.HomePageTest -->
