<?xml version="1.0" encoding="UTF-8"?>
<!-- Generated by org.testng.reporters.JUnitReportReporter -->
<testsuite hostname="mohit-H110M-H" failures="0" tests="3" name="com.crm.qa.tests.MainPageTest" time="15.533" errors="0" timestamp="2021-06-07T20:16:34 IST" skipped="0">
  <testcase classname="com.crm.qa.tests.MainPageTest" name="crm_Logo_Test" time="5.463"/>
  <system-out/>
  <testcase classname="com.crm.qa.tests.MainPageTest" name="Main_Page_Title_Test" time="5.117"/>
  <system-out/>
  <testcase classname="com.crm.qa.tests.MainPageTest" name="main_Page_Login_Btn_Click_Test" time="4.953"/>
  <system-out/>
</testsuite> <!-- com.crm.qa.tests.MainPageTest -->
