<?xml version="1.0" encoding="UTF-8"?>
<!-- Generated by org.testng.reporters.JUnitReportReporter -->
<testsuite hostname="mohit-H110M-H" failures="0" tests="2" name="com.crm.qa.tests.LoginPageTest" time="14.393" errors="0" timestamp="2021-06-07T20:16:34 IST" skipped="0">
  <testcase classname="com.crm.qa.tests.LoginPageTest" name="login_Page_Title_Test" time="5.969"/>
  <system-out/>
  <testcase classname="com.crm.qa.tests.LoginPageTest" name="login_Test" time="8.424"/>
  <system-out/>
</testsuite> <!-- com.crm.qa.tests.LoginPageTest -->
