<?xml version="1.0" encoding="UTF-8"?>
<!-- Generated by org.testng.reporters.JUnitReportReporter -->
<testsuite hostname="mohit-H110M-H" failures="0" tests="2" name="com.crm.qa.tests.LoginPageTest" time="18.648" errors="0" timestamp="2021-06-15T18:02:49 IST" skipped="0">
  <testcase classname="com.crm.qa.tests.LoginPageTest" name="login_Page_Title_Test" time="8.857"/>
  <system-out/>
  <testcase classname="com.crm.qa.tests.LoginPageTest" name="login_Test" time="9.791"/>
  <system-out/>
</testsuite> <!-- com.crm.qa.tests.LoginPageTest -->
