<?xml version="1.0" encoding="UTF-8"?>
<!-- Generated by org.testng.reporters.JUnitReportReporter -->
<testsuite hostname="mohit-H110M-H" failures="0" tests="4" name="com.crm.qa.tests.HomePageTest" time="53.065" errors="0" timestamp="2021-07-16T20:32:32 IST" skipped="0">
  <testcase classname="com.crm.qa.tests.HomePageTest" name="home_Page_Title_Test" time="11.154"/>
  <system-out/>
  <testcase classname="com.crm.qa.tests.HomePageTest" name="user_Name_Test" time="13.810"/>
  <system-out/>
  <testcase classname="com.crm.qa.tests.HomePageTest" name="home_Page_Logo_Test" time="14.129"/>
  <system-out/>
  <testcase classname="com.crm.qa.tests.HomePageTest" name="click_On_Create_Contact_Test" time="13.972"/>
  <system-out/>
</testsuite> <!-- com.crm.qa.tests.HomePageTest -->
