<?xml version="1.0" encoding="UTF-8"?>
<!-- Generated by org.testng.reporters.JUnitReportReporter -->
<testsuite hostname="mohit-H110M-H" failures="0" tests="4" name="com.crm.qa.tests.HomePageTest" time="79.429" errors="0" timestamp="2021-06-11T17:46:36 IST" skipped="0">
  <testcase classname="com.crm.qa.tests.HomePageTest" name="home_Page_Title_Test" time="18.997"/>
  <system-out/>
  <testcase classname="com.crm.qa.tests.HomePageTest" name="user_Name_Test" time="22.180"/>
  <system-out/>
  <testcase classname="com.crm.qa.tests.HomePageTest" name="home_Page_Logo_Test" time="18.022"/>
  <system-out/>
  <testcase classname="com.crm.qa.tests.HomePageTest" name="click_On_Create_Contact_Test" time="20.230"/>
  <system-out/>
</testsuite> <!-- com.crm.qa.tests.HomePageTest -->
